Using heuristic alergia
Creating apta using evaluation class alergia
batch mode selected
 x93 Merge 0001
Extending blue node 10 #93, sink -1; (representative of) parent 0 #664, sink -1
 x79 Merge 0002
Extending blue node 105 #79, sink -1; (representative of) parent 10 #93, sink -1
 x53 Merge 0003
Extending blue node 16 #53, sink -1; (representative of) parent 0 #664, sink -1
 x51 Merge 0004
Extending blue node 24 #51, sink -1; (representative of) parent 0 #664, sink -1
 x48 Merge 0005
Extending blue node 56 #48, sink -1; (representative of) parent 0 #664, sink -1
 x45 Merge 0006
Extending blue node 11 #45, sink -1; (representative of) parent 0 #664, sink -1
 x44 Merge 0007
Extending blue node 320 #44, sink -1; (representative of) parent 105 #79, sink -1
 x42 Merge 0008
Extending blue node 616 #42, sink -1; (representative of) parent 320 #44, sink -1
 x41 Merge 0009
Extending blue node 161 #41, sink -1; (representative of) parent 24 #51, sink -1
 x41 Merge 0010
Extending blue node 430 #41, sink -1; (representative of) parent 161 #41, sink -1
 x40 Merge 0011
Extending blue node 26 #40, sink -1; (representative of) parent 0 #664, sink -1
 x37 Merge 0012
Extending blue node 173 #37, sink -1; (representative of) parent 26 #40, sink -1
 x36 Merge 0013
Extending blue node 447 #36, sink -1; (representative of) parent 173 #37, sink -1
 x35 Merge 0014
Extending blue node 21 #35, sink -1; (representative of) parent 0 #664, sink -1
 x33 Merge 0015
Extending blue node 727 #33, sink -1; (representative of) parent 447 #36, sink -1
 x28 Merge 0016
Extending blue node 135 #28, sink -1; (representative of) parent 16 #53, sink -1
 x28 Merge 0017
Extending blue node 150 #28, sink -1; (representative of) parent 21 #35, sink -1
 x25 Merge 0018
Extending blue node 7 #25, sink -1; (representative of) parent 0 #664, sink -1
 m8.84 Merge 0019
 x19 Merge 0020
Extending blue node 4 #19, sink -1; (representative of) parent 0 #664, sink -1
 x19 Merge 0021
Extending blue node 86 #19, sink -1; (representative of) parent 4 #19, sink -1
 x18 Merge 0022
Extending blue node 378 #18, sink -1; (representative of) parent 135 #28, sink -1
 x16 Merge 0023
Extending blue node 1 #16, sink -1; (representative of) parent 0 #664, sink -1
 x16 Merge 0024
Extending blue node 25 #16, sink -1; (representative of) parent 0 #664, sink -1
 x14 Merge 0025
Extending blue node 40 #14, sink -1; (representative of) parent 0 #664, sink -1
 x14 Merge 0026
Extending blue node 48 #14, sink -1; (representative of) parent 0 #664, sink -1
 m3.996 Merge 0027
 x12 Merge 0028
Extending blue node 19 #12, sink -1; (representative of) parent 0 #664, sink -1
 x12 Merge 0029
Extending blue node 139 #12, sink -1; (representative of) parent 16 #53, sink -1
 x12 Merge 0030
Extending blue node 169 #12, sink -1; (representative of) parent 25 #16, sink -1
 x11 Merge 0031
Extending blue node 91 #11, sink -1; (representative of) parent 7 #25, sink -1
 m6.29872 Merge 0032
 m3.35716 Merge 0033
 m4.79824 Merge 0034
 x10 Merge 0035
Extending blue node 59 #10, sink -1; (representative of) parent 0 #664, sink -1
 x10 Merge 0036
Extending blue node 239 #10, sink -1; (representative of) parent 56 #48, sink -1
 x10 Merge 0037
Extending blue node 322 #10, sink -1; (representative of) parent 105 #105, sink -1
 m13.2508 Merge 0038
 x10 Merge 0039
Extending blue node 580 #10, sink -1; (representative of) parent 86 #30, sink -1
 x10 Merge 0040
Extending blue node 619 #10, sink -1; (representative of) parent 322 #10, sink -1
 x9 Merge 0041
Extending blue node 27 #9, sink -1; (representative of) parent 0 #664, sink -1
 m0.825884 Merge 0042
 m4.48031 Merge 0043
 x10 Merge 0044
Extending blue node 282 #10, sink -1; (representative of) parent 86 #39, sink -1
 m7.21667 Merge 0045
 x17 Merge 0046
Extending blue node 877 #17, sink -1; (representative of) parent 619 #29, sink -1
 x16 Merge 0047
Extending blue node 1071 #16, sink -1; (representative of) parent 877 #17, sink -1
 m4.71053 Merge 0048
 x9 Merge 0049
Extending blue node 324 #9, sink -1; (representative of) parent 105 #111, sink -1
 m0.783733 Merge 0050
 x9 Merge 0051
Extending blue node 844 #9, sink -1; (representative of) parent 580 #10, sink -1
 x9 Merge 0052
Extending blue node 1043 #9, sink -1; (representative of) parent 844 #9, sink -1
 x8 Merge 0053
Extending blue node 15 #8, sink -1; (representative of) parent 0 #664, sink -1
 x8 Merge 0054
Extending blue node 57 #8, sink -1; (representative of) parent 0 #664, sink -1
 x8 Merge 0055
Extending blue node 552 #8, sink -1; (representative of) parent 619 #29, sink -1
 m5.93501 Merge 0056
 m6.26996 Merge 0057
 m14.1571 Merge 0058
 x7 Merge 0059
Extending blue node 13 #7, sink -1; (representative of) parent 0 #664, sink -1
 x7 Merge 0060
Extending blue node 80 #7, sink -1; (representative of) parent 1 #16, sink -1
 m0.795074 Merge 0061
 m11.6886 Merge 0062
 m8.54789 Merge 0063
 m8.00936 Merge 0064
 m11.7355 Merge 0065
 m4.79837 Merge 0066
 m7.73462 Merge 0067
 m4.56832 Merge 0068
 m16.1602 Merge 0069
 x7 Merge 0070
Extending blue node 879 #7, sink -1; (representative of) parent 1071 #32, sink -1
 m3.48767 Merge 0071
 x6 Merge 0072
Extending blue node 5 #6, sink -1; (representative of) parent 0 #664, sink -1
 x6 Merge 0073
Extending blue node 20 #6, sink -1; (representative of) parent 0 #664, sink -1
 m6.51288 Merge 0074
 m3.13629 Merge 0075
 m4.57654 Merge 0076
 m5.37951 Merge 0077
 m7.31346 Merge 0078
 m7.25378 Merge 0079
 x6 Merge 0080
Extending blue node 329 #6, sink -1; (representative of) parent 105 #148, sink -1
 m8.4185 Merge 0081
 m4.35343 Merge 0082
 m4.85068 Merge 0083
 x5 Merge 0084
Extending blue node 34 #5, sink -1; (representative of) parent 0 #664, sink -1
 x5 Merge 0085
Extending blue node 47 #5, sink -1; (representative of) parent 0 #664, sink -1
 m5.95416 Merge 0086
 m5.48925 Merge 0087
 m4.75256 Merge 0088
 m6.5963 Merge 0089
 m17.5353 Merge 0090
 m5.30805 Merge 0091
 x5 Merge 0092
Extending blue node 297 #5, sink -1; (representative of) parent 91 #25, sink -1
 x5 Merge 0093
Extending blue node 375 #5, sink -1; (representative of) parent 135 #28, sink -1
 m1.84256 Merge 0094
 m12.0789 Merge 0095
 m5.08157 Merge 0096
 m10.5121 Merge 0097
 m8.98639 Merge 0098
no more possible merges
