Using heuristic alergia
Creating apta using evaluation class alergia
batch mode selected
 x109 Merge 0001
Extending blue node 35 #109, sink -1; (representative of) parent 0 #1039, sink -1
 x95 Merge 0002
Extending blue node 5 #95, sink -1; (representative of) parent 0 #1039, sink -1
 x76 Merge 0003
Extending blue node 1 #76, sink -1; (representative of) parent 0 #1039, sink -1
 x67 Merge 0004
Extending blue node 308 #67, sink -1; (representative of) parent 35 #109, sink -1
 x60 Merge 0005
Extending blue node 890 #60, sink -1; (representative of) parent 308 #67, sink -1
 x51 Merge 0006
Extending blue node 44 #51, sink -1; (representative of) parent 0 #1039, sink -1
 x45 Merge 0007
Extending blue node 10 #45, sink -1; (representative of) parent 0 #1039, sink -1
 x41 Merge 0008
Extending blue node 42 #41, sink -1; (representative of) parent 0 #1039, sink -1
 x34 Merge 0009
Extending blue node 63 #34, sink -1; (representative of) parent 0 #1039, sink -1
 x32 Merge 0010
Extending blue node 9 #32, sink -1; (representative of) parent 0 #1039, sink -1
 x31 Merge 0011
Extending blue node 2 #31, sink -1; (representative of) parent 0 #1039, sink -1
 x29 Merge 0012
Extending blue node 8 #29, sink -1; (representative of) parent 0 #1039, sink -1
 x27 Merge 0013
Extending blue node 16 #27, sink -1; (representative of) parent 0 #1039, sink -1
 x26 Merge 0014
Extending blue node 3 #26, sink -1; (representative of) parent 0 #1039, sink -1
 x26 Merge 0015
Extending blue node 32 #26, sink -1; (representative of) parent 0 #1039, sink -1
 x26 Merge 0016
Extending blue node 396 #26, sink -1; (representative of) parent 63 #34, sink -1
 x23 Merge 0017
Extending blue node 50 #23, sink -1; (representative of) parent 0 #1039, sink -1
 x22 Merge 0018
Extending blue node 65 #22, sink -1; (representative of) parent 0 #1039, sink -1
 m17.7769 Merge 0019
 m9.02734 Merge 0020
 x22 Merge 0021
Extending blue node 349 #22, sink -1; (representative of) parent 44 #51, sink -1
 x20 Merge 0022
Extending blue node 53 #20, sink -1; (representative of) parent 0 #1039, sink -1
 m5.36673 Merge 0023
 x19 Merge 0024
Extending blue node 309 #19, sink -1; (representative of) parent 35 #109, sink -1
 x19 Merge 0025
Extending blue node 330 #19, sink -1; (representative of) parent 42 #41, sink -1
 x18 Merge 0026
Extending blue node 71 #18, sink -1; (representative of) parent 0 #1039, sink -1
 m16.3618 Merge 0027
 x19 Merge 0028
Extending blue node 140 #19, sink -1; (representative of) parent 5 #144, sink -1
 m5.62097 Merge 0029
 x17 Merge 0030
Extending blue node 30 #17, sink -1; (representative of) parent 0 #1039, sink -1
 x17 Merge 0031
Extending blue node 43 #17, sink -1; (representative of) parent 0 #1039, sink -1
 m11.2547 Merge 0032
 x16 Merge 0033
Extending blue node 25 #16, sink -1; (representative of) parent 0 #1039, sink -1
 x16 Merge 0034
Extending blue node 304 #16, sink -1; (representative of) parent 35 #109, sink -1
 x15 Merge 0035
Extending blue node 17 #15, sink -1; (representative of) parent 0 #1039, sink -1
 x15 Merge 0036
Extending blue node 46 #15, sink -1; (representative of) parent 0 #1039, sink -1
 x15 Merge 0037
Extending blue node 49 #15, sink -1; (representative of) parent 0 #1039, sink -1
 m13.8609 Merge 0038
 m8.10254 Merge 0039
 x15 Merge 0040
Extending blue node 370 #15, sink -1; (representative of) parent 50 #23, sink -1
 x15 Merge 0041
Extending blue node 375 #15, sink -1; (representative of) parent 53 #20, sink -1
 x15 Merge 0042
Extending blue node 1003 #15, sink -1; (representative of) parent 370 #15, sink -1
 x14 Merge 0043
Extending blue node 12 #14, sink -1; (representative of) parent 0 #1039, sink -1
 x14 Merge 0044
Extending blue node 34 #14, sink -1; (representative of) parent 0 #1039, sink -1
 m2.11584 Merge 0045
 m19.9966 Merge 0046
 m18.6084 Merge 0047
 x13 Merge 0048
Extending blue node 925 #13, sink -1; (representative of) parent 330 #19, sink -1
 m6.51055 Merge 0049
 m1.55855 Merge 0050
 x12 Merge 0051
Extending blue node 358 #12, sink -1; (representative of) parent 46 #15, sink -1
 m10.3847 Merge 0052
 m8.0229 Merge 0053
 m6.49983 Merge 0054
 m22.551 Merge 0055
 x10 Merge 0056
Extending blue node 288 #10, sink -1; (representative of) parent 32 #43, sink -1
 x10 Merge 0057
Extending blue node 430 #10, sink -1; (representative of) parent 71 #18, sink -1
 m10.3541 Merge 0058
 m5.18721 Merge 0059
 x10 Merge 0060
Extending blue node 980 #10, sink -1; (representative of) parent 358 #12, sink -1
 x9 Merge 0061
Extending blue node 45 #9, sink -1; (representative of) parent 0 #1039, sink -1
 m7.19661 Merge 0062
 m10.5034 Merge 0063
 m6.99432 Merge 0064
 x9 Merge 0065
Extending blue node 223 #9, sink -1; (representative of) parent 16 #73, sink -1
 m7.54534 Merge 0066
 x9 Merge 0067
Extending blue node 883 #9, sink -1; (representative of) parent 304 #38, sink -1
 m2.90631 Merge 0068
 m12.2333 Merge 0069
 m9.37016 Merge 0070
 m11.2994 Merge 0071
 x8 Merge 0072
Extending blue node 332 #8, sink -1; (representative of) parent 42 #41, sink -1
 x8 Merge 0073
Extending blue node 365 #8, sink -1; (representative of) parent 49 #15, sink -1
 m22.4541 Merge 0074
 m6.82149 Merge 0075
 m11.9173 Merge 0076
 m14.0843 Merge 0077
 m10.5248 Merge 0078
 m10.1995 Merge 0079
 m8.58982 Merge 0080
 m7.68567 Merge 0081
 x7 Merge 0082
Extending blue node 129 #7, sink -1; (representative of) parent 3 #93, sink -1
 m15.913 Merge 0083
 m8.47285 Merge 0084
 m4.03354 Merge 0085
 m3.26178 Merge 0086
 x6 Merge 0087
Extending blue node 18 #6, sink -1; (representative of) parent 0 #1039, sink -1
 x6 Merge 0088
Extending blue node 28 #6, sink -1; (representative of) parent 0 #1039, sink -1
 m6.0573 Merge 0089
 x6 Merge 0090
Extending blue node 33 #6, sink -1; (representative of) parent 0 #1039, sink -1
 x6 Merge 0091
Extending blue node 101 #6, sink -1; (representative of) parent 1 #112, sink -1
 m8.34109 Merge 0092
 m9.33101 Merge 0093
 m8.29562 Merge 0094
 m5.14294 Merge 0095
 x6 Merge 0096
Extending blue node 152 #6, sink -1; (representative of) parent 5 #317, sink -1
 m6.77902 Merge 0097
 m9.13642 Merge 0098
 m10.027 Merge 0099
 m10.0294 Merge 0100
 m10.0248 Merge 0101
 m5.30648 Merge 0102
 m13.2916 Merge 0103
 x6 Merge 0104
Extending blue node 748 #6, sink -1; (representative of) parent 223 #20, sink -1
 m5.98178 Merge 0105
 m12.0898 Merge 0106
 m11.3406 Merge 0107
 m10.1322 Merge 0108
 m10.1506 Merge 0109
 x5 Merge 0110
Extending blue node 4 #5, sink -1; (representative of) parent 0 #1039, sink -1
 x5 Merge 0111
Extending blue node 48 #5, sink -1; (representative of) parent 0 #1039, sink -1
 x5 Merge 0112
Extending blue node 74 #5, sink -1; (representative of) parent 0 #1039, sink -1
 x5 Merge 0113
Extending blue node 82 #5, sink -1; (representative of) parent 0 #1039, sink -1
 m9.50523 Merge 0114
 x5 Merge 0115
Extending blue node 100 #5, sink -1; (representative of) parent 1 #132, sink -1
 m10.4385 Merge 0116
 m12.9007 Merge 0117
 m12.6052 Merge 0118
 m10.2909 Merge 0119
 m7.63083 Merge 0120
 m12.5504 Merge 0121
 m14.8297 Merge 0122
 m10.5916 Merge 0123
 x5 Merge 0124
Extending blue node 356 #5, sink -1; (representative of) parent 45 #9, sink -1
 m12.8693 Merge 0125
 x5 Merge 0126
Extending blue node 366 #5, sink -1; (representative of) parent 49 #15, sink -1
 m3.87562 Merge 0127
 m11.182 Merge 0128
 m14.0327 Merge 0129
 x5 Merge 0130
Extending blue node 445 #5, sink -1; (representative of) parent 82 #5, sink -1
 x5 Merge 0131
Extending blue node 481 #5, sink -1; (representative of) parent 5 #387, sink -1
 m3.56939 Merge 0132
 m10.7184 Merge 0133
 x5 Merge 0134
Extending blue node 126 #5, sink -1; (representative of) parent 3 #119, sink -1
 m6.55656 Merge 0135
 m5.4377 Merge 0136
 m14.4563 Merge 0137
 m7.36197 Merge 0138
 m11.0701 Merge 0139
 m13.0652 Merge 0140
 m15.834 Merge 0141
 m0 Merge 0142
 m6.43484 Merge 0143
 m6.94269 Merge 0144
 x5 Merge 0145
Extending blue node 206 #5, sink -1; (representative of) parent 10 #81, sink -1
 m0 Merge 0146
 x4 Merge 0147
Extending blue node 56 #4, sink 0; (representative of) parent 0 #1039, sink -1
 x4 Merge 0148
Extending blue node 66 #4, sink 0; (representative of) parent 0 #1039, sink -1
 x4 Merge 0149
Extending blue node 75 #4, sink 0; (representative of) parent 0 #1039, sink -1
 x4 Merge 0150
Extending blue node 84 #4, sink 0; (representative of) parent 0 #1039, sink -1
 m0 Merge 0151
 m0 Merge 0152
 x4 Merge 0153
Extending blue node 139 #4, sink 0; (representative of) parent 5 #408, sink -1
 m0 Merge 0154
 x4 Merge 0155
Extending blue node 149 #4, sink 0; (representative of) parent 5 #408, sink -1
 m0 Merge 0156
 m0 Merge 0157
 m0 Merge 0158
 m0 Merge 0159
 m0 Merge 0160
 m5.03183 Merge 0161
 m0 Merge 0162
 x4 Merge 0163
Extending blue node 371 #4, sink 0; (representative of) parent 50 #23, sink -1
 m0 Merge 0164
 m0 Merge 0165
 m0 Merge 0166
 x4 Merge 0167
Extending blue node 1123 #4, sink 0; (representative of) parent 445 #5, sink -1
 m0 Merge 0168
 m0 Merge 0169
 m0 Merge 0170
 m0 Merge 0171
 x4 Merge 0172
Extending blue node 584 #4, sink 0; (representative of) parent 5 #434, sink -1
 m0 Merge 0173
 m0 Merge 0174
 m0 Merge 0175
 m0 Merge 0176
 m0 Merge 0177
 x3 Merge 0178
Extending blue node 23 #3, sink 0; (representative of) parent 0 #1039, sink -1
 m0 Merge 0179
 x3 Merge 0180
Extending blue node 38 #3, sink 0; (representative of) parent 0 #1039, sink -1
 x3 Merge 0181
Extending blue node 68 #3, sink 0; (representative of) parent 0 #1039, sink -1
 x3 Merge 0182
Extending blue node 73 #3, sink 0; (representative of) parent 0 #1039, sink -1
 x3 Merge 0183
Extending blue node 79 #3, sink 0; (representative of) parent 0 #1039, sink -1
 m0 Merge 0184
 m0 Merge 0185
 m0 Merge 0186
 m0 Merge 0187
 m0 Merge 0188
 m0 Merge 0189
 m0 Merge 0190
 m0 Merge 0191
 m0 Merge 0192
 m0 Merge 0193
 m0 Merge 0194
 m0 Merge 0195
 m0 Merge 0196
 m0 Merge 0197
 m0 Merge 0198
 m0 Merge 0199
 m0 Merge 0200
 m0 Merge 0201
 m0 Merge 0202
 m0 Merge 0203
 m0 Merge 0204
 m0 Merge 0205
 m0 Merge 0206
 m0 Merge 0207
 m0 Merge 0208
 m0 Merge 0209
 m0 Merge 0210
 m0 Merge 0211
 m0 Merge 0212
 m0 Merge 0213
 m0 Merge 0214
 m0 Merge 0215
 m0 Merge 0216
 m0 Merge 0217
 m0 Merge 0218
 m0 Merge 0219
 m0 Merge 0220
 m0 Merge 0221
 m0 Merge 0222
 x3 Merge 0223
Extending blue node 428 #3, sink 0; (representative of) parent 71 #18, sink -1
 x3 Merge 0224
Extending blue node 429 #3, sink 0; (representative of) parent 71 #18, sink -1
 x3 Merge 0225
Extending blue node 432 #3, sink 0; (representative of) parent 73 #3, sink 0
 x3 Merge 0226
Extending blue node 434 #3, sink 0; (representative of) parent 74 #5, sink -1
 x3 Merge 0227
Extending blue node 441 #3, sink 0; (representative of) parent 79 #3, sink 0
 m0 Merge 0228
 m0 Merge 0229
 m0 Merge 0230
 m0 Merge 0231
 m0 Merge 0232
 x3 Merge 0233
Extending blue node 585 #3, sink 0; (representative of) parent 5 #462, sink -1
 m0 Merge 0234
 m0 Merge 0235
 m0 Merge 0236
 m0 Merge 0237
 m0 Merge 0238
 m0 Merge 0239
 m0 Merge 0240
 m0 Merge 0241
 m0 Merge 0242
 m0.937028 Merge 0243
 m0 Merge 0244
 m0 Merge 0245
 m0 Merge 0246
 m0 Merge 0247
 m0 Merge 0248
 m0 Merge 0249
 m0 Merge 0250
 m0 Merge 0251
 x3 Merge 0252
Extending blue node 1109 #3, sink 0; (representative of) parent 434 #3, sink 0
 m0 Merge 0253
 m0 Merge 0254
 m0 Merge 0255
 m0 Merge 0256
 x3 Merge 0257
Extending blue node 1246 #3, sink 0; (representative of) parent 584 #4, sink 0
 m0 Merge 0258
 m0 Merge 0259
 m0 Merge 0260
 m0 Merge 0261
 m0 Merge 0262
 m0 Merge 0263
 m0 Merge 0264
 m0 Merge 0265
 m0 Merge 0266
 m0 Merge 0267
 m0 Merge 0268
 m0 Merge 0269
 m0 Merge 0270
 x2 Merge 0271
Extending blue node 22 #2, sink 0; (representative of) parent 0 #1039, sink -1
 m0 Merge 0272
 m0 Merge 0273
 x2 Merge 0274
Extending blue node 36 #2, sink 0; (representative of) parent 0 #1039, sink -1
 m0 Merge 0275
 x2 Merge 0276
Extending blue node 55 #2, sink 0; (representative of) parent 0 #1039, sink -1
 x2 Merge 0277
Extending blue node 57 #2, sink 0; (representative of) parent 0 #1039, sink -1
 m0 Merge 0278
 m0 Merge 0279
 m0 Merge 0280
 x2 Merge 0281
Extending blue node 76 #2, sink 0; (representative of) parent 0 #1039, sink -1
 x2 Merge 0282
Extending blue node 80 #2, sink 0; (representative of) parent 0 #1039, sink -1
 x2 Merge 0283
Extending blue node 87 #2, sink 0; (representative of) parent 0 #1039, sink -1
 x2 Merge 0284
Extending blue node 88 #2, sink 0; (representative of) parent 0 #1039, sink -1
 m0 Merge 0285
 m0 Merge 0286
 m0 Merge 0287
 m0 Merge 0288
 m0 Merge 0289
 m0 Merge 0290
 m0 Merge 0291
 m0 Merge 0292
 m0 Merge 0293
 m0 Merge 0294
 m0 Merge 0295
 m0 Merge 0296
 m0 Merge 0297
 m0 Merge 0298
 m0 Merge 0299
 m0 Merge 0300
 m0 Merge 0301
 m0 Merge 0302
 m0 Merge 0303
 m0 Merge 0304
 m0 Merge 0305
 m0 Merge 0306
 m0 Merge 0307
 m0 Merge 0308
 m0 Merge 0309
 m0 Merge 0310
 m0 Merge 0311
 m0 Merge 0312
 m0 Merge 0313
 m0 Merge 0314
 m0 Merge 0315
 m0 Merge 0316
 m0 Merge 0317
 m0 Merge 0318
 m0 Merge 0319
 m0 Merge 0320
 m0 Merge 0321
 m0 Merge 0322
 m0 Merge 0323
 m0 Merge 0324
 m0 Merge 0325
 m0 Merge 0326
 m0 Merge 0327
 m0 Merge 0328
 m0 Merge 0329
 m0 Merge 0330
 m0 Merge 0331
 x2 Merge 0332
Extending blue node 359 #2, sink 0; (representative of) parent 46 #15, sink -1
 m0 Merge 0333
 m0 Merge 0334
 m0 Merge 0335
 m0 Merge 0336
 m0 Merge 0337
 m0 Merge 0338
 m0 Merge 0339
 x2 Merge 0340
Extending blue node 425 #2, sink 0; (representative of) parent 430 #12, sink -1
 m0 Merge 0341
 m0 Merge 0342
 m0 Merge 0343
 x2 Merge 0344
Extending blue node 437 #2, sink 0; (representative of) parent 75 #4, sink 0
 m0 Merge 0345
 m0 Merge 0346
 m0 Merge 0347
 m0 Merge 0348
 x2 Merge 0349
Extending blue node 453 #2, sink 0; (representative of) parent 88 #2, sink 0
 m0 Merge 0350
 m0 Merge 0351
 m0 Merge 0352
 m0 Merge 0353
 m0 Merge 0354
 m0 Merge 0355
 m0 Merge 0356
 m0 Merge 0357
 m0 Merge 0358
 m0 Merge 0359
 m0 Merge 0360
 m0 Merge 0361
 m0 Merge 0362
 x3 Merge 0363
Extending blue node 2458 #3, sink 0; (representative of) parent 25 #65, sink -1
 m0 Merge 0364
 m0 Merge 0365
 m0 Merge 0366
 m0 Merge 0367
 m0 Merge 0368
 m0 Merge 0369
 m0 Merge 0370
 m0 Merge 0371
 m0 Merge 0372
 m0 Merge 0373
 m0 Merge 0374
 x2 Merge 0375
Extending blue node 651 #2, sink 0; (representative of) parent 5 #566, sink -1
 m0 Merge 0376
 m0 Merge 0377
 m0 Merge 0378
 m0 Merge 0379
 m0 Merge 0380
 m0 Merge 0381
 m0 Merge 0382
 m0 Merge 0383
 m0 Merge 0384
 m0 Merge 0385
 m0 Merge 0386
 m0 Merge 0387
 m0 Merge 0388
 m0 Merge 0389
 m0 Merge 0390
 m0 Merge 0391
 m0 Merge 0392
 m0 Merge 0393
 m0 Merge 0394
 m0 Merge 0395
 m0 Merge 0396
 m0 Merge 0397
 m0 Merge 0398
 m0 Merge 0399
 m0 Merge 0400
 m0 Merge 0401
 m0 Merge 0402
 m0 Merge 0403
 m0 Merge 0404
 m0 Merge 0405
 m0 Merge 0406
 m0 Merge 0407
 x2 Merge 0408
Extending blue node 1107 #2, sink 0; (representative of) parent 432 #5, sink 0
 m0 Merge 0409
 x2 Merge 0410
Extending blue node 1112 #2, sink 0; (representative of) parent 437 #2, sink 0
 m0 Merge 0411
 m0 Merge 0412
 m0 Merge 0413
 m0 Merge 0414
 m0 Merge 0415
 m0 Merge 0416
 m0 Merge 0417
 m0 Merge 0418
 m0 Merge 0419
 x3 Merge 0420
Extending blue node 2540 #3, sink 0; (representative of) parent 25 #74, sink -1
 m0 Merge 0421
 m0 Merge 0422
 m0 Merge 0423
 m0 Merge 0424
 m0 Merge 0425
 m0 Merge 0426
 m0 Merge 0427
 m0 Merge 0428
 m0 Merge 0429
 m0 Merge 0430
 m0 Merge 0431
 m0 Merge 0432
 m0 Merge 0433
 m0 Merge 0434
 m0 Merge 0435
 m0 Merge 0436
 m0 Merge 0437
 m0 Merge 0438
 m0 Merge 0439
 m0 Merge 0440
 m0 Merge 0441
 m0 Merge 0442
 m0 Merge 0443
 m0 Merge 0444
 m0 Merge 0445
 m0 Merge 0446
 m0 Merge 0447
 x1 Merge 0448
Extending blue node 19 #1, sink 0; (representative of) parent 0 #1039, sink -1
 x1 Merge 0449
Extending blue node 20 #1, sink 0; (representative of) parent 0 #1039, sink -1
 m0 Merge 0450
 m0 Merge 0451
 m0 Merge 0452
 m0 Merge 0453
 m0 Merge 0454
 m0 Merge 0455
 m0 Merge 0456
 x1 Merge 0457
Extending blue node 52 #1, sink 0; (representative of) parent 0 #1039, sink -1
 x1 Merge 0458
Extending blue node 54 #1, sink 0; (representative of) parent 0 #1039, sink -1
 x1 Merge 0459
Extending blue node 58 #1, sink 0; (representative of) parent 0 #1039, sink -1
 x1 Merge 0460
Extending blue node 59 #1, sink 0; (representative of) parent 0 #1039, sink -1
 x1 Merge 0461
Extending blue node 60 #1, sink 0; (representative of) parent 0 #1039, sink -1
 x1 Merge 0462
Extending blue node 62 #1, sink 0; (representative of) parent 0 #1039, sink -1
 x1 Merge 0463
Extending blue node 70 #1, sink 0; (representative of) parent 0 #1039, sink -1
 x1 Merge 0464
Extending blue node 72 #1, sink 0; (representative of) parent 0 #1039, sink -1
 x1 Merge 0465
Extending blue node 77 #1, sink 0; (representative of) parent 0 #1039, sink -1
 x1 Merge 0466
Extending blue node 78 #1, sink 0; (representative of) parent 0 #1039, sink -1
 x1 Merge 0467
Extending blue node 81 #1, sink 0; (representative of) parent 0 #1039, sink -1
 x1 Merge 0468
Extending blue node 83 #1, sink 0; (representative of) parent 0 #1039, sink -1
 x1 Merge 0469
Extending blue node 85 #1, sink 0; (representative of) parent 0 #1039, sink -1
 x1 Merge 0470
Extending blue node 86 #1, sink 0; (representative of) parent 0 #1039, sink -1
 x1 Merge 0471
Extending blue node 89 #1, sink 0; (representative of) parent 0 #1039, sink -1
 x1 Merge 0472
Extending blue node 90 #1, sink 0; (representative of) parent 0 #1039, sink -1
 x1 Merge 0473
Extending blue node 91 #1, sink 0; (representative of) parent 0 #1039, sink -1
 m0 Merge 0474
 m0 Merge 0475
 m0 Merge 0476
 m0 Merge 0477
 m0 Merge 0478
 m0 Merge 0479
 m0 Merge 0480
 m0 Merge 0481
 m0 Merge 0482
 m0 Merge 0483
 m0 Merge 0484
 m0 Merge 0485
 m0 Merge 0486
 m0 Merge 0487
 m0 Merge 0488
 m0 Merge 0489
 m0 Merge 0490
 m0 Merge 0491
 m0 Merge 0492
 m0 Merge 0493
 m0 Merge 0494
 m0 Merge 0495
 m0 Merge 0496
 m0 Merge 0497
 m0 Merge 0498
 m0 Merge 0499
 x1 Merge 0500
Extending blue node 179 #1, sink 0; (representative of) parent 8 #43, sink -1
 m0 Merge 0501
 m0 Merge 0502
 m0 Merge 0503
 m0 Merge 0504
 m0 Merge 0505
 m0 Merge 0506
 m0 Merge 0507
 m0 Merge 0508
 m0 Merge 0509
 m0 Merge 0510
 x2 Merge 0511
Extending blue node 941 #2, sink 0; (representative of) parent 5 #640, sink -1
 m0 Merge 0512
 m0 Merge 0513
 m0 Merge 0514
 m0 Merge 0515
 m0 Merge 0516
 m0 Merge 0517
 m0 Merge 0518
 m0 Merge 0519
 m0 Merge 0520
 m0 Merge 0521
 m0 Merge 0522
 m0 Merge 0523
 m0 Merge 0524
 m0 Merge 0525
 m0 Merge 0526
 m0 Merge 0527
 m0 Merge 0528
 m0 Merge 0529
 m0 Merge 0530
 m0 Merge 0531
 m0 Merge 0532
 m0 Merge 0533
 m0 Merge 0534
 m0 Merge 0535
 m0 Merge 0536
 m0 Merge 0537
 m0 Merge 0538
 m0 Merge 0539
 m0 Merge 0540
 m0 Merge 0541
 m0 Merge 0542
 m0 Merge 0543
 m0 Merge 0544
 m0 Merge 0545
 m0 Merge 0546
 m0 Merge 0547
 m0 Merge 0548
 x1 Merge 0549
Extending blue node 310 #1, sink 0; (representative of) parent 35 #114, sink -1
 m0 Merge 0550
 m0 Merge 0551
 m0 Merge 0552
 m0 Merge 0553
 m0 Merge 0554
 m0 Merge 0555
 m0 Merge 0556
 m0 Merge 0557
 m0 Merge 0558
 m0 Merge 0559
 m0 Merge 0560
 m0 Merge 0561
 m0 Merge 0562
 m0 Merge 0563
 m0 Merge 0564
 m0 Merge 0565
 m0 Merge 0566
 m0 Merge 0567
 m0 Merge 0568
 m0 Merge 0569
 m0 Merge 0570
 m0 Merge 0571
 m0 Merge 0572
 m0 Merge 0573
 x1 Merge 0574
Extending blue node 355 #1, sink 0; (representative of) parent 45 #9, sink -1
 m0 Merge 0575
 m0 Merge 0576
 m0 Merge 0577
 m0 Merge 0578
 m0 Merge 0579
 m0 Merge 0580
 m0 Merge 0581
 m0 Merge 0582
 m0 Merge 0583
 m0 Merge 0584
 m0 Merge 0585
 m0 Merge 0586
 m0 Merge 0587
 m0 Merge 0588
 m0 Merge 0589
 m0 Merge 0590
 m0 Merge 0591
 m0 Merge 0592
 m0 Merge 0593
 m0 Merge 0594
 m0 Merge 0595
 m0 Merge 0596
 m0 Merge 0597
 m0 Merge 0598
 m0 Merge 0599
 m0 Merge 0600
 x1 Merge 0601
Extending blue node 393 #1, sink 0; (representative of) parent 62 #1, sink 0
 m0 Merge 0602
 m0 Merge 0603
 x1 Merge 0604
Extending blue node 398 #1, sink 0; (representative of) parent 63 #40, sink -1
 m0 Merge 0605
 m0 Merge 0606
 m0 Merge 0607
 m0 Merge 0608
 m0 Merge 0609
 m0 Merge 0610
 m0 Merge 0611
 m0 Merge 0612
 m0 Merge 0613
 m0 Merge 0614
 m0 Merge 0615
 m0 Merge 0616
 x1 Merge 0617
Extending blue node 424 #1, sink 0; (representative of) parent 68 #3, sink 0
 m0 Merge 0618
 m0 Merge 0619
 m0 Merge 0620
 m0 Merge 0621
 m0 Merge 0622
 m0 Merge 0623
 m0 Merge 0624
 m0 Merge 0625
 m0 Merge 0626
 m0 Merge 0627
 m0 Merge 0628
 m0 Merge 0629
 m0 Merge 0630
 m0 Merge 0631
 m0 Merge 0632
 m0 Merge 0633
 m0 Merge 0634
 x1 Merge 0635
Extending blue node 455 #1, sink 0; (representative of) parent 90 #1, sink 0
 m0 Merge 0636
 m0 Merge 0637
 m0 Merge 0638
 m0 Merge 0639
 m0 Merge 0640
 m0 Merge 0641
 m0 Merge 0642
 m0 Merge 0643
 m0 Merge 0644
 m0 Merge 0645
 m0 Merge 0646
 m0 Merge 0647
 m0 Merge 0648
 m0 Merge 0649
 m0 Merge 0650
 m0 Merge 0651
 m0 Merge 0652
 m0 Merge 0653
 m0 Merge 0654
 m0 Merge 0655
 m0 Merge 0656
 m0 Merge 0657
 m0 Merge 0658
 m0 Merge 0659
 m0 Merge 0660
 m0 Merge 0661
 m0 Merge 0662
 m0 Merge 0663
 m0 Merge 0664
 m0 Merge 0665
 m0 Merge 0666
 m0 Merge 0667
 m0 Merge 0668
 m0 Merge 0669
 m0 Merge 0670
 m0 Merge 0671
 m0 Merge 0672
 m0 Merge 0673
 m0 Merge 0674
 m0 Merge 0675
 m0 Merge 0676
 m0 Merge 0677
 m0 Merge 0678
 m0 Merge 0679
 m0 Merge 0680
 m0 Merge 0681
 m0 Merge 0682
 m0 Merge 0683
 m0 Merge 0684
 m0 Merge 0685
 m0 Merge 0686
 m0 Merge 0687
 m0 Merge 0688
 m0 Merge 0689
 m0 Merge 0690
 m0 Merge 0691
 m0 Merge 0692
 m0 Merge 0693
 m0 Merge 0694
 x1 Merge 0695
Extending blue node 855 #1, sink 0; (representative of) parent 288 #29, sink -1
 m0 Merge 0696
 m0 Merge 0697
 m0 Merge 0698
 m0 Merge 0699
 m0 Merge 0700
 m0 Merge 0701
 m0 Merge 0702
 m0 Merge 0703
 m0 Merge 0704
 m0 Merge 0705
 m0 Merge 0706
 m0 Merge 0707
 m0 Merge 0708
 m0 Merge 0709
 m0 Merge 0710
 m0 Merge 0711
 m0 Merge 0712
 m0 Merge 0713
 m0 Merge 0714
 m0 Merge 0715
 m0 Merge 0716
 m0 Merge 0717
 m0 Merge 0718
 m0 Merge 0719
 m0 Merge 0720
 m0 Merge 0721
 m0 Merge 0722
 x1 Merge 0723
Extending blue node 978 #1, sink 0; (representative of) parent 356 #6, sink -1
 m0 Merge 0724
 x1 Merge 0725
Extending blue node 982 #1, sink 0; (representative of) parent 358 #12, sink -1
 m0 Merge 0726
 m0 Merge 0727
 m0 Merge 0728
 m0 Merge 0729
 m0 Merge 0730
 m0 Merge 0731
 m0 Merge 0732
 m0 Merge 0733
 m0 Merge 0734
 m0 Merge 0735
 m0 Merge 0736
 m0 Merge 0737
 m0 Merge 0738
 m0 Merge 0739
 m0 Merge 0740
 m0 Merge 0741
 m0 Merge 0742
 m0 Merge 0743
 m0 Merge 0744
 m0 Merge 0745
 m0 Merge 0746
 m0 Merge 0747
 m0 Merge 0748
 m0 Merge 0749
 m0 Merge 0750
 m0 Merge 0751
 m0 Merge 0752
 m0 Merge 0753
 m0 Merge 0754
 m0 Merge 0755
 m0 Merge 0756
 m0 Merge 0757
 m0 Merge 0758
 m0 Merge 0759
 m0 Merge 0760
 m0 Merge 0761
 m0 Merge 0762
 m0 Merge 0763
 m0 Merge 0764
 m0 Merge 0765
 m0 Merge 0766
 m0 Merge 0767
 m0 Merge 0768
 m0 Merge 0769
 m0 Merge 0770
 x1 Merge 0771
Extending blue node 1115 #1, sink 0; (representative of) parent 77 #2, sink 0
 m0 Merge 0772
 m0 Merge 0773
 m0 Merge 0774
 m0 Merge 0775
 m0 Merge 0776
 m0 Merge 0777
 x1 Merge 0778
Extending blue node 1130 #1, sink 0; (representative of) parent 30 #55, sink -1
 m0 Merge 0779
 x1 Merge 0780
Extending blue node 1134 #1, sink 0; (representative of) parent 455 #1, sink 0
 m0 Merge 0781
 m0 Merge 0782
 m0 Merge 0783
 m0 Merge 0784
 m0 Merge 0785
 m0 Merge 0786
 m0 Merge 0787
 m0 Merge 0788
 m0 Merge 0789
 m0 Merge 0790
 m0 Merge 0791
 m0 Merge 0792
 m0 Merge 0793
 m0 Merge 0794
 m0 Merge 0795
 m0 Merge 0796
 m0 Merge 0797
 m0 Merge 0798
 m0 Merge 0799
 m0 Merge 0800
 m0 Merge 0801
 m0 Merge 0802
 m0 Merge 0803
 m0 Merge 0804
 m0 Merge 0805
 m0 Merge 0806
 m0 Merge 0807
 m0 Merge 0808
 m0 Merge 0809
 m0 Merge 0810
 m0 Merge 0811
 m0 Merge 0812
 m0 Merge 0813
 x1 Merge 0814
Extending blue node 1493 #1, sink 0; (representative of) parent 206 #11, sink -1
 m0 Merge 0815
 m0 Merge 0816
 m0 Merge 0817
 m0 Merge 0818
 m0 Merge 0819
 m0 Merge 0820
 m0 Merge 0821
 m0 Merge 0822
 m0 Merge 0823
 m0 Merge 0824
 m0 Merge 0825
 m0 Merge 0826
 m0 Merge 0827
 m0 Merge 0828
 m0 Merge 0829
 m0 Merge 0830
 m0 Merge 0831
 m0 Merge 0832
 m0 Merge 0833
 m0 Merge 0834
 m0 Merge 0835
 m0 Merge 0836
 m0 Merge 0837
 m0 Merge 0838
 m0 Merge 0839
 m0 Merge 0840
 m0 Merge 0841
 m0 Merge 0842
 m0 Merge 0843
 m0 Merge 0844
 m0 Merge 0845
 m0 Merge 0846
 m0 Merge 0847
 m0 Merge 0848
 m0 Merge 0849
 m0 Merge 0850
 m0 Merge 0851
 m0 Merge 0852
 m0 Merge 0853
 m0 Merge 0854
 m0 Merge 0855
 x1 Merge 0856
Extending blue node 1651 #1, sink 0; (representative of) parent 1134 #1, sink 0
 m0 Merge 0857
 m0 Merge 0858
 m0 Merge 0859
 m0 Merge 0860
 m0 Merge 0861
 m0 Merge 0862
 m0 Merge 0863
 m0 Merge 0864
 m0 Merge 0865
 m0 Merge 0866
 m0 Merge 0867
 m0 Merge 0868
 m0 Merge 0869
 m0 Merge 0870
 m0 Merge 0871
 m0 Merge 0872
 m0 Merge 0873
 x1 Merge 0874
Extending blue node 1879 #1, sink 0; (representative of) parent 332 #14, sink -1
 m0 Merge 0875
 m0 Merge 0876
 m0 Merge 0877
 m0 Merge 0878
 m0 Merge 0879
 m0 Merge 0880
 m0 Merge 0881
 m0 Merge 0882
 m0 Merge 0883
 m0 Merge 0884
 m0 Merge 0885
 m0 Merge 0886
 m0 Merge 0887
 m0 Merge 0888
 m0 Merge 0889
 x1 Merge 0890
Extending blue node 2103 #1, sink 0; (representative of) parent 206 #11, sink -1
 m0 Merge 0891
 m0 Merge 0892
 m0 Merge 0893
 m0 Merge 0894
 m0 Merge 0895
 x1 Merge 0896
Extending blue node 2149 #1, sink 0; (representative of) parent 2 #174, sink -1
 m0 Merge 0897
 m0 Merge 0898
 m0 Merge 0899
 m0 Merge 0900
 m0 Merge 0901
 m0 Merge 0902
 m0 Merge 0903
 m0 Merge 0904
 m0 Merge 0905
 m0 Merge 0906
 m0 Merge 0907
 m0 Merge 0908
 m0 Merge 0909
 m0 Merge 0910
 m0 Merge 0911
 m0 Merge 0912
 m0 Merge 0913
 m0 Merge 0914
 m0 Merge 0915
 m0 Merge 0916
 m0 Merge 0917
 m0 Merge 0918
 m0 Merge 0919
 m0 Merge 0920
 m0 Merge 0921
 m0 Merge 0922
 m0 Merge 0923
 m0 Merge 0924
no more possible merges
